   Compiling execute_academy v0.1.0 (/Users/morshedulmunna/execute-soft/exacademy/apis)
warning: unused import: `EmptyMutation`
 --> src/interfaces/graphql/server.rs:4:21
  |
4 | use async_graphql::{EmptyMutation, EmptySubscription, Schema, SchemaBuilder};
  |                     ^^^^^^^^^^^^^
  |
  = note: `#[warn(unused_imports)]` on by default

warning: unused import: `tower::ServiceBuilder`
  --> src/interfaces/graphql/server.rs:15:5
   |
15 | use tower::ServiceBuilder;
   |     ^^^^^^^^^^^^^^^^^^^^^

warning: unused import: `crate::interfaces::middlewares::axum_error_handler::error_handler as error_handler_mw`
  --> src/interfaces/graphql/server.rs:19:5
   |
19 | use crate::interfaces::middlewares::axum_error_handler::error_handler as error_handler_mw;
   |     ^^^^^^^^^^^^^^^^^^^^^^^^^^^^^^^^^^^^^^^^^^^^^^^^^^^^^^^^^^^^^^^^^^^^^^^^^^^^^^^^^^^^^

warning: unused import: `rate_limit as rate_limit_mw`
  --> src/interfaces/graphql/server.rs:21:21
   |
21 |     RateLimitState, rate_limit as rate_limit_mw,
   |                     ^^^^^^^^^^^^^^^^^^^^^^^^^^^

warning: unused import: `crate::interfaces::middlewares::axum_request_logger::request_logger as request_logger_mw`
  --> src/interfaces/graphql/server.rs:23:5
   |
23 | use crate::interfaces::middlewares::axum_request_logger::request_logger as request_logger_mw;
   |     ^^^^^^^^^^^^^^^^^^^^^^^^^^^^^^^^^^^^^^^^^^^^^^^^^^^^^^^^^^^^^^^^^^^^^^^^^^^^^^^^^^^^^^^^

warning: unused variable: `cors`
  --> src/interfaces/graphql/server.rs:35:9
   |
35 |     let cors = CorsLayer::permissive();
   |         ^^^^ help: if this is intentional, prefix it with an underscore: `_cors`
   |
   = note: `#[warn(unused_variables)]` on by default

warning: unused variable: `trace`
  --> src/interfaces/graphql/server.rs:36:9
   |
36 |     let trace = TraceLayer::new_for_http();
   |         ^^^^^ help: if this is intentional, prefix it with an underscore: `_trace`

warning: unused variable: `compression`
  --> src/interfaces/graphql/server.rs:37:9
   |
37 |     let compression = CompressionLayer::new();
   |         ^^^^^^^^^^^ help: if this is intentional, prefix it with an underscore: `_compression`

warning: unused variable: `rate_limit_state`
  --> src/interfaces/graphql/server.rs:40:9
   |
40 |     let rate_limit_state = RateLimitState::new(100, 60);
   |         ^^^^^^^^^^^^^^^^ help: if this is intentional, prefix it with an underscore: `_rate_limit_state`

warning: `execute_academy` (lib) generated 9 warnings (run `cargo fix --lib -p execute_academy` to apply 5 suggestions)
    Finished `dev` profile [unoptimized + debuginfo] target(s) in 6.21s
     Running `target/debug/execute_academy graphql`
Connected to Postgres
Redis server conncet!!
{"timestamp":"2025-09-04T09:44:26.919428Z","level":"info","caller":"src/interfaces/graphql/server.rs:126","message":"GraphQL server will be available at http://127.0.0.1:9098/graphql","service":"execute_academy","log_id":"8a5f2232-209d-426a-8c8a-5b5776d428f7"}
